app/build/intermediates/manifest_merge_blame_file/debug/processDebugMainManifest/manifest-merger-blame-debug-report.txt
1<?xml version="1.0" encoding="utf-8"?>
2<manifest xmlns:android="http://schemas.android.com/apk/res/android"
3    package="com.handoverme.app"
4    android:versionCode="14"
5    android:versionName="5.3.1" >
6
7    <uses-sdk
8        android:minSdkVersion="24"
9        android:targetSdkVersion="35" />
10
11    <uses-permission android:name="android.permission.CALL_PHONE" />
11-->src\main\AndroidManifest.xml:4:5-69
11-->src\main\AndroidManifest.xml:4:22-66
12    <uses-permission android:name="android.permission.READ_PHONE_STATE" />
12-->src\main\AndroidManifest.xml:5:5-75
12-->src\main\AndroidManifest.xml:5:22-72
13    <uses-permission android:name="android.permission.READ_PHONE_NUMBERS" />
13-->src\main\AndroidManifest.xml:6:5-77
13-->src\main\AndroidManifest.xml:6:22-74
14    <uses-permission android:name="android.permission.RECEIVE_BOOT_COMPLETED" />
14-->src\main\AndroidManifest.xml:7:5-81
14-->src\main\AndroidManifest.xml:7:22-78
15    <uses-permission android:name="android.permission.BIND_DEVICE_ADMIN" />
15-->src\main\AndroidManifest.xml:8:5-76
15-->src\main\AndroidManifest.xml:8:22-73
16    <uses-permission android:name="android.permission.READ_CALL_LOG" />
16-->src\main\AndroidManifest.xml:9:5-72
16-->src\main\AndroidManifest.xml:9:22-69
17    <uses-permission android:name="android.permission.WRITE_CALL_LOG" />
17-->src\main\AndroidManifest.xml:10:5-73
17-->src\main\AndroidManifest.xml:10:22-70
18    <uses-permission android:name="android.permission.USE_BIOMETRIC" /> <!-- suppress DeprecatedClassUsageInspection -->
18-->[androidx.biometric:biometric:1.1.0] AndroidManifest.xml:24:5-72
18-->[androidx.biometric:biometric:1.1.0] AndroidManifest.xml:24:22-69
19    <uses-permission android:name="android.permission.USE_FINGERPRINT" />
19-->[androidx.biometric:biometric:1.1.0] AndroidManifest.xml:27:5-74
19-->[androidx.biometric:biometric:1.1.0] AndroidManifest.xml:27:22-71
20
21    <permission
21-->[androidx.core:core:1.15.0] AndroidManifest.xml:22:5-24:47
22        android:name="com.handoverme.app.DYNAMIC_RECEIVER_NOT_EXPORTED_PERMISSION"
22-->[androidx.core:core:1.15.0] AndroidManifest.xml:23:9-81
23        android:protectionLevel="signature" />
23-->[androidx.core:core:1.15.0] AndroidManifest.xml:24:9-44
24
25    <uses-permission android:name="com.handoverme.app.DYNAMIC_RECEIVER_NOT_EXPORTED_PERMISSION" />
25-->[androidx.core:core:1.15.0] AndroidManifest.xml:26:5-97
25-->[androidx.core:core:1.15.0] AndroidManifest.xml:26:22-94
26
27    <application
27-->src\main\AndroidManifest.xml:12:5-89:19
28        android:allowBackup="false"
28-->src\main\AndroidManifest.xml:13:9-36
29        android:appComponentFactory="androidx.core.app.CoreComponentFactory"
29-->[androidx.core:core:1.15.0] AndroidManifest.xml:28:18-86
30        android:debuggable="true"
31        android:extractNativeLibs="false"
32        android:fullBackupContent="false"
32-->src\main\AndroidManifest.xml:14:9-42
33        android:icon="@drawable/ic_security_shield"
33-->src\main\AndroidManifest.xml:15:9-52
34        android:label="@string/app_name"
34-->src\main\AndroidManifest.xml:16:9-41
35        android:supportsRtl="true"
35-->src\main\AndroidManifest.xml:17:9-35
36        android:theme="@style/Theme.HandoverMe"
36-->src\main\AndroidManifest.xml:18:9-48
37        android:usesCleartextTraffic="false" >
37-->src\main\AndroidManifest.xml:19:9-45
38        <receiver
38-->src\main\AndroidManifest.xml:21:9-33:20
39            android:name="com.handoverme.app.HandoverDeviceAdminReceiver"
39-->src\main\AndroidManifest.xml:22:13-56
40            android:description="@string/device_admin_description"
40-->src\main\AndroidManifest.xml:23:13-67
41            android:exported="true"
41-->src\main\AndroidManifest.xml:24:13-36
42            android:label="@string/app_name"
42-->src\main\AndroidManifest.xml:25:13-45
43            android:permission="android.permission.BIND_DEVICE_ADMIN" >
43-->src\main\AndroidManifest.xml:26:13-70
44            <meta-data
44-->src\main\AndroidManifest.xml:27:13-29:65
45                android:name="android.app.device_admin"
45-->src\main\AndroidManifest.xml:28:17-56
46                android:resource="@xml/device_admin_receiver" />
46-->src\main\AndroidManifest.xml:29:17-62
47
48            <intent-filter>
48-->src\main\AndroidManifest.xml:30:13-32:29
49                <action android:name="android.app.action.DEVICE_ADMIN_ENABLED" />
49-->src\main\AndroidManifest.xml:31:17-82
49-->src\main\AndroidManifest.xml:31:25-79
50            </intent-filter>
51        </receiver>
52
53        <service
53-->src\main\AndroidManifest.xml:35:9-48:19
54            android:name="com.handoverme.app.HandoverInCallService"
54-->src\main\AndroidManifest.xml:36:13-50
55            android:exported="true"
55-->src\main\AndroidManifest.xml:37:13-36
56            android:permission="android.permission.BIND_INCALL_SERVICE" >
56-->src\main\AndroidManifest.xml:38:13-72
57            <meta-data
57-->src\main\AndroidManifest.xml:39:13-41:40
58                android:name="android.telecom.IN_CALL_SERVICE_UI"
58-->src\main\AndroidManifest.xml:40:17-66
59                android:value="true" />
59-->src\main\AndroidManifest.xml:41:17-37
60            <meta-data
60-->src\main\AndroidManifest.xml:42:13-44:41
61                android:name="android.telecom.IN_CALL_SERVICE_RINGING"
61-->src\main\AndroidManifest.xml:43:17-71
62                android:value="false" />
62-->src\main\AndroidManifest.xml:44:17-38
63
64            <intent-filter>
64-->src\main\AndroidManifest.xml:45:13-47:29
65                <action android:name="android.telecom.InCallService" />
65-->src\main\AndroidManifest.xml:46:17-72
65-->src\main\AndroidManifest.xml:46:25-69
66            </intent-filter>
67        </service>
68
69        <receiver
69-->src\main\AndroidManifest.xml:50:9-59:20
70            android:name="com.handoverme.app.BootReceiver"
70-->src\main\AndroidManifest.xml:51:13-41
71            android:directBootAware="true"
71-->src\main\AndroidManifest.xml:52:13-43
72            android:enabled="true"
72-->src\main\AndroidManifest.xml:53:13-35
73            android:exported="true" >
73-->src\main\AndroidManifest.xml:54:13-36
74            <intent-filter>
74-->src\main\AndroidManifest.xml:55:13-58:29
75                <action android:name="android.intent.action.BOOT_COMPLETED" />
75-->src\main\AndroidManifest.xml:56:17-79
75-->src\main\AndroidManifest.xml:56:25-76
76                <action android:name="android.intent.action.LOCKED_BOOT_COMPLETED" />
76-->src\main\AndroidManifest.xml:57:17-86
76-->src\main\AndroidManifest.xml:57:25-83
77            </intent-filter>
78        </receiver>
79
80        <activity
80-->src\main\AndroidManifest.xml:61:9-88:20
81            android:name="com.handoverme.app.MainActivity"
81-->src\main\AndroidManifest.xml:62:13-41
82            android:excludeFromRecents="true"
82-->src\main\AndroidManifest.xml:64:13-46
83            android:exported="true"
83-->src\main\AndroidManifest.xml:63:13-36
84            android:launchMode="singleTask"
84-->src\main\AndroidManifest.xml:65:13-44
85            android:screenOrientation="portrait"
85-->src\main\AndroidManifest.xml:66:13-49
86            android:stateNotNeeded="true" >
86-->src\main\AndroidManifest.xml:67:13-42
87            <intent-filter>
87-->src\main\AndroidManifest.xml:68:13-71:29
88                <action android:name="android.intent.action.MAIN" />
88-->src\main\AndroidManifest.xml:69:17-69
88-->src\main\AndroidManifest.xml:69:25-66
89
90                <category android:name="android.intent.category.LAUNCHER" />
90-->src\main\AndroidManifest.xml:70:17-77
90-->src\main\AndroidManifest.xml:70:27-74
91            </intent-filter>
92            <intent-filter>
92-->src\main\AndroidManifest.xml:72:13-75:29
93                <action android:name="android.intent.action.DIAL" />
93-->src\main\AndroidManifest.xml:73:17-69
93-->src\main\AndroidManifest.xml:73:25-66
94
95                <category android:name="android.intent.category.DEFAULT" />
95-->src\main\AndroidManifest.xml:74:17-76
95-->src\main\AndroidManifest.xml:74:27-73
96            </intent-filter>
97            <intent-filter>
97-->src\main\AndroidManifest.xml:76:13-80:29
98                <action android:name="android.intent.action.DIAL" />
98-->src\main\AndroidManifest.xml:73:17-69
98-->src\main\AndroidManifest.xml:73:25-66
99
100                <category android:name="android.intent.category.DEFAULT" />
100-->src\main\AndroidManifest.xml:74:17-76
100-->src\main\AndroidManifest.xml:74:27-73
101
102                <data android:scheme="tel" />
102-->src\main\AndroidManifest.xml:79:17-46
102-->src\main\AndroidManifest.xml:79:23-43
103            </intent-filter>
104            <!--
105                 Required so Device Owner can make Handover Me the persistent
106                 HOME activity during Secure Lending Mode.
107            -->
108            <intent-filter>
108-->src\main\AndroidManifest.xml:83:13-87:29
109                <action android:name="android.intent.action.MAIN" />
109-->src\main\AndroidManifest.xml:69:17-69
109-->src\main\AndroidManifest.xml:69:25-66
110
111                <category android:name="android.intent.category.HOME" />
111-->src\main\AndroidManifest.xml:85:17-73
111-->src\main\AndroidManifest.xml:85:27-70
112                <category android:name="android.intent.category.DEFAULT" />
112-->src\main\AndroidManifest.xml:74:17-76
112-->src\main\AndroidManifest.xml:74:27-73
113            </intent-filter>
114        </activity>
115
116        <provider
116-->[androidx.emoji2:emoji2:1.3.0] AndroidManifest.xml:24:9-32:20
117            android:name="androidx.startup.InitializationProvider"
117-->[androidx.emoji2:emoji2:1.3.0] AndroidManifest.xml:25:13-67
118            android:authorities="com.handoverme.app.androidx-startup"
118-->[androidx.emoji2:emoji2:1.3.0] AndroidManifest.xml:26:13-68
119            android:exported="false" >
119-->[androidx.emoji2:emoji2:1.3.0] AndroidManifest.xml:27:13-37
120            <meta-data
120-->[androidx.emoji2:emoji2:1.3.0] AndroidManifest.xml:29:13-31:52
121                android:name="androidx.emoji2.text.EmojiCompatInitializer"
121-->[androidx.emoji2:emoji2:1.3.0] AndroidManifest.xml:30:17-75
122                android:value="androidx.startup" />
122-->[androidx.emoji2:emoji2:1.3.0] AndroidManifest.xml:31:17-49
123            <meta-data
123-->[androidx.lifecycle:lifecycle-process:2.6.2] AndroidManifest.xml:29:13-31:52
124                android:name="androidx.lifecycle.ProcessLifecycleInitializer"
124-->[androidx.lifecycle:lifecycle-process:2.6.2] AndroidManifest.xml:30:17-78
125                android:value="androidx.startup" />
125-->[androidx.lifecycle:lifecycle-process:2.6.2] AndroidManifest.xml:31:17-49
126            <meta-data
126-->[androidx.profileinstaller:profileinstaller:1.3.1] AndroidManifest.xml:29:13-31:52
127                android:name="androidx.profileinstaller.ProfileInstallerInitializer"
127-->[androidx.profileinstaller:profileinstaller:1.3.1] AndroidManifest.xml:30:17-85
128                android:value="androidx.startup" />
128-->[androidx.profileinstaller:profileinstaller:1.3.1] AndroidManifest.xml:31:17-49
129        </provider>
130
131        <receiver
131-->[androidx.profileinstaller:profileinstaller:1.3.1] AndroidManifest.xml:34:9-52:20
132            android:name="androidx.profileinstaller.ProfileInstallReceiver"
132-->[androidx.profileinstaller:profileinstaller:1.3.1] AndroidManifest.xml:35:13-76
133            android:directBootAware="false"
133-->[androidx.profileinstaller:profileinstaller:1.3.1] AndroidManifest.xml:36:13-44
134            android:enabled="true"
134-->[androidx.profileinstaller:profileinstaller:1.3.1] AndroidManifest.xml:37:13-35
135            android:exported="true"
135-->[androidx.profileinstaller:profileinstaller:1.3.1] AndroidManifest.xml:38:13-36
136            android:permission="android.permission.DUMP" >
136-->[androidx.profileinstaller:profileinstaller:1.3.1] AndroidManifest.xml:39:13-57
137            <intent-filter>
137-->[androidx.profileinstaller:profileinstaller:1.3.1] AndroidManifest.xml:40:13-42:29
138                <action android:name="androidx.profileinstaller.action.INSTALL_PROFILE" />
138-->[androidx.profileinstaller:profileinstaller:1.3.1] AndroidManifest.xml:41:17-91
138-->[androidx.profileinstaller:profileinstaller:1.3.1] AndroidManifest.xml:41:25-88
139            </intent-filter>
140            <intent-filter>
140-->[androidx.profileinstaller:profileinstaller:1.3.1] AndroidManifest.xml:43:13-45:29
141                <action android:name="androidx.profileinstaller.action.SKIP_FILE" />
141-->[androidx.profileinstaller:profileinstaller:1.3.1] AndroidManifest.xml:44:17-85
141-->[androidx.profileinstaller:profileinstaller:1.3.1] AndroidManifest.xml:44:25-82
142            </intent-filter>
143            <intent-filter>
143-->[androidx.profileinstaller:profileinstaller:1.3.1] AndroidManifest.xml:46:13-48:29
144                <action android:name="androidx.profileinstaller.action.SAVE_PROFILE" />
144-->[androidx.profileinstaller:profileinstaller:1.3.1] AndroidManifest.xml:47:17-88
144-->[androidx.profileinstaller:profileinstaller:1.3.1] AndroidManifest.xml:47:25-85
145            </intent-filter>
146            <intent-filter>
146-->[androidx.profileinstaller:profileinstaller:1.3.1] AndroidManifest.xml:49:13-51:29
147                <action android:name="androidx.profileinstaller.action.BENCHMARK_OPERATION" />
147-->[androidx.profileinstaller:profileinstaller:1.3.1] AndroidManifest.xml:50:17-95
147-->[androidx.profileinstaller:profileinstaller:1.3.1] AndroidManifest.xml:50:25-92
148            </intent-filter>
149        </receiver>
150    </application>
151
152</manifest>